[+] Containers:
 |- [+] Container: /Game/TopDown/Maps/TopDownMap
 |   |- [+] ActorDescs:
 |   |   |- Guid:0C8924204F96A79AD35111939C210774 BaseClass: NativeClass:/Script/Engine.StaticMeshActor Name:StaticMeshActor_UAID_309C23FF8BC5CDF601_1711932021 Label:SM_Cube16 SpatiallyLoaded:1 Bounds:IsValid=true, Min=(X=-100.000 Y=975.000 Z=0.000), Max=(X=250.000 Y=1000.000 Z=400.000) RuntimeGrid:None EditorOnly:0 RuntimeOnly:0 HLODRelevant:1 FolderPath:Playground FolderGuid:9FE5E8B349AF71F05F2688921F3F2AC5
 |   |   |- Guid:0F4324B34E091887A24AD9995AE727D1 BaseClass: NativeClass:/Script/Engine.StaticMeshActor Name:StaticMeshActor_23 Label:SM_Cube6 SpatiallyLoaded:1 Bounds:IsValid=true, Min=(X=2900.000 Y=100.000 Z=0.000), Max=(X=3000.000 Y=3400.000 Z=400.000) RuntimeGrid:None EditorOnly:0 RuntimeOnly:0 HLODRelevant:1 FolderPath:Playground FolderGuid:9FE5E8B349AF71F05F2688921F3F2AC5
 |   |   |- Guid:147C8D134B12D635012D5F8C57D2C96F BaseClass: NativeClass:/Script/Engine.PostProcessVolume Name:PostProcessVolume_1 Label:PostProcessVolume SpatiallyLoaded:0 Bounds:IsValid=true, Min=(X=0.000 Y=0.000 Z=400.000), Max=(X=200.000 Y=200.000 Z=600.000) RuntimeGrid:None EditorOnly:0 RuntimeOnly:0 HLODRelevant:0 FolderPath:Lighting FolderGuid:4C9334684BA61B42C769F799D2576455
 |   |   |- Guid:1742DF43475F097453197AA79C7473D9 BaseClass: NativeClass:/Script/Engine.SkyLight Name:SkyLight_1 Label:SkyLight SpatiallyLoaded:0 Bounds:IsValid=true, Min=(X=0.000 Y=0.000 Z=690.000), Max=(X=0.000 Y=0.000 Z=690.000) RuntimeGrid:None EditorOnly:0 RuntimeOnly:0 HLODRelevant:0 FolderPath:Lighting FolderGuid:4C9334684BA61B42C769F799D2576455
 |   |   |- Guid:1C6A5DCA4F2CB50668BF2FBBC1A3ED1F BaseClass:/Game/TopDown/Blueprints/enemy/bp_enemy.bp_enemy_C NativeClass:/Script/Engine.Character Name:bp_enemy_C_UAID_047C160CA7AE55F301_1570122728 Label:bp_enemy3 SpatiallyLoaded:1 Bounds:IsValid=true, Min=(X=1738.662 Y=2192.315 Z=-0.967), Max=(X=1806.662 Y=2272.315 Z=178.000) RuntimeGrid:None EditorOnly:0 RuntimeOnly:0 HLODRelevant:0
 |   |   |- Guid:1FEC8FAC495CEF0CE32492ADCBB96BAE BaseClass: NativeClass:/Script/AIModule.NavLinkProxy Name:NavLinkProxy_3 Label:NavLinkProxy3 SpatiallyLoaded:1 Bounds:IsValid=true, Min=(X=2240.000 Y=1030.000 Z=90.000), Max=(X=2240.000 Y=1030.000 Z=90.000) RuntimeGrid:None EditorOnly:0 RuntimeOnly:0 HLODRelevant:0 FolderPath:Navigation FolderGuid:AE45D61F453CC144CF8289862C276E89
 |   |   |- Guid:214F74EF452A9596DF6C57B2B8355F11 BaseClass: NativeClass:/Script/NavigationSystem.NavMeshBoundsVolume Name:NavMeshBoundsVolume_UAID_309C23FF8BC5ECF301_2135017303 Label:NavMeshBoundsVolume2 SpatiallyLoaded:0 Bounds:IsValid=true, Min=(X=-428.042 Y=-1258.922 Z=-150.000), Max=(X=3571.958 Y=4741.078 Z=150.000) RuntimeGrid:None EditorOnly:0 RuntimeOnly:0 HLODRelevant:0
 |   |   |- Guid:2169CB5C470E0E674279BA96829753DD BaseClass: NativeClass:/Script/Engine.StaticMeshActor Name:StaticMeshActor_17 Label:SM_Cube SpatiallyLoaded:1 Bounds:IsValid=true, Min=(X=0.000 Y=0.000 Z=-50.000), Max=(X=3000.000 Y=3500.000 Z=0.000) RuntimeGrid:None EditorOnly:0 RuntimeOnly:0 HLODRelevant:1 FolderPath:Playground FolderGuid:9FE5E8B349AF71F05F2688921F3F2AC5
 |   |   |- Guid:2CBC9D514044BCC70772B0814B39DE44 BaseClass:/Game/TopDown/Blueprints/enemy/AI_PatrolPath.AI_PatrolPath_C NativeClass:/Script/Engine.Actor Name:AI_PatrolPath_C_UAID_309C23FF8BC5CDF601_1749285024 Label:AI_PatrolPath5 SpatiallyLoaded:1 Bounds:IsValid=true, Min=(X=220.000 Y=2350.000 Z=57.230), Max=(X=380.000 Y=2640.000 Z=217.230) RuntimeGrid:None EditorOnly:0 RuntimeOnly:0 HLODRelevant:0
 |   |   |- Guid:2DF0D95440BE0EDA81652F860DC7268E BaseClass: NativeClass:/Script/Engine.WorldDataLayers Name:WorldDataLayers Label:WorldDataLayers SpatiallyLoaded:0 Bounds:IsValid=true, Min=(X=0.000 Y=0.000 Z=0.000), Max=(X=0.000 Y=0.000 Z=0.000) RuntimeGrid:None EditorOnly:0 RuntimeOnly:0 HLODRelevant:0
 |   |   |- Guid:3A8A20F64AECCD9AA73C31BCBC7264A0 BaseClass:/Game/TopDown/Blueprints/enemy/AI_PatrolPath.AI_PatrolPath_C NativeClass:/Script/Engine.Actor Name:AI_PatrolPath_C_UAID_309C23FF8BC5CDF601_1755292025 Label:AI_PatrolPath6 SpatiallyLoaded:1 Bounds:IsValid=true, Min=(X=20.000 Y=2050.000 Z=57.230), Max=(X=180.000 Y=2340.000 Z=217.230) RuntimeGrid:None EditorOnly:0 RuntimeOnly:0 HLODRelevant:0
 |   |   |- Guid:46E112314B29F0AD580E82B57A8DDBFE BaseClass:/Game/TopDown/Blueprints/enemy/AI_PatrolPath.AI_PatrolPath_C NativeClass:/Script/Engine.Actor Name:AI_PatrolPath_C_UAID_309C23FF8BC53DF401_1271778560 Label:AI_PatrolPath2 SpatiallyLoaded:1 Bounds:IsValid=true, Min=(X=1820.000 Y=2150.000 Z=57.230), Max=(X=1980.000 Y=2440.000 Z=217.230) RuntimeGrid:None EditorOnly:0 RuntimeOnly:0 HLODRelevant:0
 |   |   |- Guid:533B8057435BF55780945EB193EE0392 BaseClass: NativeClass:/Script/Engine.StaticMeshActor Name:StaticMeshActor_UAID_047C160CA7AE51F301_1955336030 Label:SM_Cube11 SpatiallyLoaded:1 Bounds:IsValid=true, Min=(X=741.706 Y=100.000 Z=-0.000), Max=(X=766.706 Y=875.000 Z=400.000) RuntimeGrid:None EditorOnly:0 RuntimeOnly:0 HLODRelevant:1 FolderPath:Playground FolderGuid:9FE5E8B349AF71F05F2688921F3F2AC5
 |   |   |- Guid:6252C7D64ACF162A73EE65B11FE214D1 BaseClass: NativeClass:/Script/Engine.SkyAtmosphere Name:SkyAtmosphere_1 Label:SkyAtmosphere SpatiallyLoaded:0 Bounds:IsValid=true, Min=(X=0.000 Y=0.000 Z=1020.000), Max=(X=0.000 Y=0.000 Z=1020.000) RuntimeGrid:None EditorOnly:0 RuntimeOnly:0 HLODRelevant:0 FolderPath:Lighting FolderGuid:4C9334684BA61B42C769F799D2576455
 |   |   |- Guid:66BCBF874D2A22ADC6523B95EE812CA3 BaseClass: NativeClass:/Script/Engine.StaticMeshActor Name:StaticMeshActor_UAID_A4AE111137DC5CFB00_1660657071 Label:SM_SkySphere SpatiallyLoaded:0 Bounds:IsValid=true, Min=(X=-1638400.000 Y=-1638400.000 Z=-1638400.000), Max=(X=1638400.000 Y=1638400.000 Z=1638400.000) RuntimeGrid:None EditorOnly:0 RuntimeOnly:0 HLODRelevant:1 FolderPath:Lighting FolderGuid:4C9334684BA61B42C769F799D2576455
 |   |   |- Guid:6826A7ED4A164B6C8D658581FADA7D83 BaseClass: NativeClass:/Script/Engine.StaticMeshActor Name:StaticMeshActor_UAID_309C23FF8BC5CDF601_1644834020 Label:SM_Cube15 SpatiallyLoaded:1 Bounds:IsValid=true, Min=(X=400.000 Y=975.000 Z=0.000), Max=(X=750.000 Y=1000.000 Z=400.000) RuntimeGrid:None EditorOnly:0 RuntimeOnly:0 HLODRelevant:1 FolderPath:Playground FolderGuid:9FE5E8B349AF71F05F2688921F3F2AC5
 |   |   |- Guid:6A35549B4D2BAC58DCAAB79025E3D1BD BaseClass: NativeClass:/Script/Engine.StaticMeshActor Name:StaticMeshActor_UAID_309C23FF8BC5CEF601_1474787206 Label:Cylinder2 SpatiallyLoaded:1 Bounds:IsValid=true, Min=(X=2000.000 Y=900.000 Z=0.063), Max=(X=2200.000 Y=1100.000 Z=500.063) RuntimeGrid:None EditorOnly:0 RuntimeOnly:0 HLODRelevant:1
 |   |   |- Guid:6F3F7DEF492EBCF897452EBBFE65EE00 BaseClass:/Game/TopDown/Blueprints/enemy/bp_enemy.bp_enemy_C NativeClass:/Script/Engine.Character Name:bp_enemy_C_UAID_309C23FF8BC5CDF601_1489045019 Label:bp_enemy SpatiallyLoaded:1 Bounds:IsValid=true, Min=(X=925.057 Y=1750.618 Z=-0.967), Max=(X=993.057 Y=1830.618 Z=178.000) RuntimeGrid:None EditorOnly:0 RuntimeOnly:0 HLODRelevant:0
 |   |   |- Guid:73D93E104985AB530A727E878938F1AE BaseClass: NativeClass:/Script/Engine.StaticMeshActor Name:StaticMeshActor_UAID_309C23FF8BC5CDF601_1327472015 Label:SM_Cube12 SpatiallyLoaded:1 Bounds:IsValid=true, Min=(X=741.706 Y=878.907 Z=-0.000), Max=(X=766.706 Y=1653.907 Z=400.000) RuntimeGrid:None EditorOnly:0 RuntimeOnly:0 HLODRelevant:1 FolderPath:Playground FolderGuid:9FE5E8B349AF71F05F2688921F3F2AC5
 |   |   |- Guid:77F893B3468595EE782136AD620D7EF4 BaseClass: NativeClass:/Script/Engine.VolumetricCloud Name:VolumetricCloud_0 Label:VolumetricCloud SpatiallyLoaded:0 Bounds:IsValid=true, Min=(X=0.000 Y=0.000 Z=820.000), Max=(X=0.000 Y=0.000 Z=820.000) RuntimeGrid:None EditorOnly:0 RuntimeOnly:0 HLODRelevant:0 FolderPath:Lighting FolderGuid:4C9334684BA61B42C769F799D2576455
 |   |   |- Guid:8CD539D7476FB21973219D83B2E0E4E8 BaseClass:/Game/TopDown/Blueprints/enemy/EQS/EQS_Tester.EQS_Tester_C NativeClass:/Script/AIModule.EQSTestingPawn Name:EQS_Tester_C_UAID_309C23FF8BC52FF501_1946216151 Label:EQS_Tester SpatiallyLoaded:1 Bounds:IsValid=true, Min=(X=1812.323 Y=2021.456 Z=-88.000), Max=(X=1880.323 Y=2089.456 Z=88.000) RuntimeGrid:None EditorOnly:0 RuntimeOnly:0 HLODRelevant:0
 |   |   |- Guid:959F479C4F09883ABAE51A980DE47D20 BaseClass: NativeClass:/Script/Engine.StaticMeshActor Name:StaticMeshActor_UAID_309C23FF8BC5CEF601_1400462203 Label:SM_Cube17 SpatiallyLoaded:1 Bounds:IsValid=true, Min=(X=400.000 Y=2475.000 Z=0.000), Max=(X=750.000 Y=2500.000 Z=400.000) RuntimeGrid:None EditorOnly:0 RuntimeOnly:0 HLODRelevant:1 FolderPath:Playground FolderGuid:9FE5E8B349AF71F05F2688921F3F2AC5
 |   |   |- Guid:AE92EF614644F3E97ECD6E8F3B7E4798 BaseClass: NativeClass:/Script/Engine.StaticMeshActor Name:StaticMeshActor_65 Label:SM_ChamferCube5 SpatiallyLoaded:1 Bounds:IsValid=true, Min=(X=2419.765 Y=1390.593 Z=0.063), Max=(X=2547.936 Y=1518.765 Z=100.063) RuntimeGrid:None EditorOnly:0 RuntimeOnly:0 HLODRelevant:0
 |   |   |- Guid:AECEEEE741E6DE68F6843FA49564A956 BaseClass: NativeClass:/Script/Engine.DirectionalLight Name:DirectionalLight_1 Label:DirectionalLight SpatiallyLoaded:0 Bounds:IsValid=true, Min=(X=-1048576.000 Y=-1048576.000 Z=-1048576.000), Max=(X=1048576.000 Y=1048576.000 Z=1048576.000) RuntimeGrid:None EditorOnly:0 RuntimeOnly:0 HLODRelevant:0 FolderPath:Lighting FolderGuid:4C9334684BA61B42C769F799D2576455
 |   |   |- Guid:B2E97E324827F4848B1A1281262263D8 BaseClass: NativeClass:/Script/Engine.StaticMeshActor Name:StaticMeshActor_UAID_309C23FF8BC5CDF601_1333097016 Label:SM_Cube13 SpatiallyLoaded:1 Bounds:IsValid=true, Min=(X=741.706 Y=2047.548 Z=-0.000), Max=(X=766.706 Y=2822.548 Z=400.000) RuntimeGrid:None EditorOnly:0 RuntimeOnly:0 HLODRelevant:1 FolderPath:Playground FolderGuid:9FE5E8B349AF71F05F2688921F3F2AC5
 |   |   |- Guid:BB5B1839446DE2E767F4F4A5BD38A627 BaseClass:/Game/TopDown/Blueprints/enemy/AI_PatrolPath.AI_PatrolPath_C NativeClass:/Script/Engine.Actor Name:AI_PatrolPath_C_UAID_309C23FF8BC5CDF601_1758217026 Label:AI_PatrolPath7 SpatiallyLoaded:1 Bounds:IsValid=true, Min=(X=20.000 Y=3050.000 Z=57.230), Max=(X=180.000 Y=3340.000 Z=217.230) RuntimeGrid:None EditorOnly:0 RuntimeOnly:0 HLODRelevant:0
 |   |   |- Guid:BD8032054B165D9CCFA51A95E68D7761 BaseClass:/Game/TopDown/Blueprints/enemy/AI_PatrolPath.AI_PatrolPath_C NativeClass:/Script/Engine.Actor Name:AI_PatrolPath_C_UAID_309C23FF8BC53DF401_1279228561 Label:AI_PatrolPath3 SpatiallyLoaded:1 Bounds:IsValid=true, Min=(X=1020.000 Y=2360.000 Z=57.230), Max=(X=1180.000 Y=2650.000 Z=217.230) RuntimeGrid:None EditorOnly:0 RuntimeOnly:0 HLODRelevant:0
 |   |   |- Guid:C1882D6342EDF42BB46BC49C2F66759A BaseClass:/Game/TopDown/Blueprints/enemy/bp_enemy.bp_enemy_C NativeClass:/Script/Engine.Character Name:bp_enemy_C_UAID_309C23FF8BC5CDF601_1727526022 Label:bp_enemy2 SpatiallyLoaded:1 Bounds:IsValid=true, Min=(X=319.057 Y=1256.618 Z=-0.967), Max=(X=399.057 Y=1324.618 Z=178.000) RuntimeGrid:None EditorOnly:0 RuntimeOnly:0 HLODRelevant:0
 |   |   |- Guid:C9DCA8B74287F0258668EBB433E94F0C BaseClass: NativeClass:/Script/Engine.StaticMeshActor Name:StaticMeshActor_UAID_309C23FF8BC5CEF601_1446277205 Label:Cylinder SpatiallyLoaded:1 Bounds:IsValid=true, Min=(X=1300.000 Y=900.000 Z=0.063), Max=(X=1500.000 Y=1100.000 Z=500.063) RuntimeGrid:None EditorOnly:0 RuntimeOnly:0 HLODRelevant:1
 |   |   |- Guid:CBBBA3434817C966878B59A8F0AFA944 BaseClass:/Game/TopDown/Blueprints/enemy/AI_PatrolPath.AI_PatrolPath_C NativeClass:/Script/Engine.Actor Name:AI_PatrolPath_C_UAID_309C23FF8BC5CDF601_1738635023 Label:AI_PatrolPath4 SpatiallyLoaded:1 Bounds:IsValid=true, Min=(X=220.000 Y=1750.000 Z=57.230), Max=(X=380.000 Y=2040.000 Z=217.230) RuntimeGrid:None EditorOnly:0 RuntimeOnly:0 HLODRelevant:0
 |   |   |- Guid:CCDD89584E0A9025F52AEDA51D60CA54 BaseClass: NativeClass:/Script/NavigationSystem.NavMeshBoundsVolume Name:NavMeshBoundsVolume_1 Label:NavMeshBoundsVolume SpatiallyLoaded:0 Bounds:IsValid=true, Min=(X=-100.000 Y=-100.000 Z=-110.000), Max=(X=3100.000 Y=3600.000 Z=390.000) RuntimeGrid:None EditorOnly:0 RuntimeOnly:0 HLODRelevant:0 FolderPath:Navigation FolderGuid:AE45D61F453CC144CF8289862C276E89
 |   |   |- Guid:CE6646654C0EDD692F26FABF86982A18 BaseClass: NativeClass:/Script/Engine.StaticMeshActor Name:StaticMeshActor_UAID_309C23FF8BC5CEF601_1400470204 Label:SM_Cube18 SpatiallyLoaded:1 Bounds:IsValid=true, Min=(X=-100.000 Y=2475.000 Z=0.000), Max=(X=250.000 Y=2500.000 Z=400.000) RuntimeGrid:None EditorOnly:0 RuntimeOnly:0 HLODRelevant:1 FolderPath:Playground FolderGuid:9FE5E8B349AF71F05F2688921F3F2AC5
 |   |   |- Guid:D24D61B944EF71BE7BC469B7EB239299 BaseClass: NativeClass:/Script/Engine.ExponentialHeightFog Name:ExponentialHeightFog_1 Label:ExponentialHeightFog SpatiallyLoaded:0 Bounds:IsValid=true, Min=(X=-5600.000 Y=-50.000 Z=-6850.000), Max=(X=-5600.000 Y=-50.000 Z=-6850.000) RuntimeGrid:None EditorOnly:0 RuntimeOnly:0 HLODRelevant:0 FolderPath:Lighting FolderGuid:4C9334684BA61B42C769F799D2576455
 |   |   |- Guid:D925E4AA43D6817D188B8181BB0B26C8 BaseClass:/Game/TopDown/Blueprints/enemy/AI_PatrolPath.AI_PatrolPath_C NativeClass:/Script/Engine.Actor Name:AI_PatrolPath_C_UAID_309C23FF8BC53DF401_1264643559 Label:AI_PatrolPath SpatiallyLoaded:1 Bounds:IsValid=true, Min=(X=1229.558 Y=1329.558 Z=57.230), Max=(X=1515.553 Y=1635.274 Z=217.230) RuntimeGrid:None EditorOnly:0 RuntimeOnly:0 HLODRelevant:0
 |   |   |- Guid:E1BF38D3478C3EC67ABB77948786D0D0 BaseClass: NativeClass:/Script/Engine.StaticMeshActor Name:StaticMeshActor_UAID_047C160CA7AE4CF301_1829905148 Label:StaticMeshActor SpatiallyLoaded:1 Bounds:IsValid=true, Min=(X=60.000 Y=170.000 Z=1680.000), Max=(X=60.000 Y=170.000 Z=1680.000) RuntimeGrid:None EditorOnly:0 RuntimeOnly:0 HLODRelevant:0
 |   |   |- Guid:E9F51259425B785A35C436A5559AD7B4 BaseClass: NativeClass:/Script/Engine.StaticMeshActor Name:StaticMeshActor_19 Label:SM_Cube3 SpatiallyLoaded:1 Bounds:IsValid=true, Min=(X=0.000 Y=3400.000 Z=0.000), Max=(X=3000.000 Y=3500.000 Z=400.000) RuntimeGrid:None EditorOnly:0 RuntimeOnly:0 HLODRelevant:1 FolderPath:Playground FolderGuid:9FE5E8B349AF71F05F2688921F3F2AC5
 |   |   |- Guid:ED702DEB4F4A6D94A5DB4F9C337C2079 BaseClass: NativeClass:/Script/Engine.TextRenderActor Name:TextRenderActor_0 Label:TextRenderActor SpatiallyLoaded:1 Bounds:IsValid=true, Min=(X=-0.100 Y=1100.000 Z=65.013), Max=(X=-0.100 Y=2225.000 Z=215.013) RuntimeGrid:None EditorOnly:0 RuntimeOnly:0 HLODRelevant:0
 |   |   |- Guid:F07559B14CE9ADE1215992AA417A945E BaseClass: NativeClass:/Script/Engine.StaticMeshActor Name:StaticMeshActor_18 Label:SM_Cube2 SpatiallyLoaded:1 Bounds:IsValid=true, Min=(X=0.000 Y=0.000 Z=0.000), Max=(X=3000.000 Y=100.000 Z=400.000) RuntimeGrid:None EditorOnly:0 RuntimeOnly:0 HLODRelevant:1 FolderPath:Playground FolderGuid:9FE5E8B349AF71F05F2688921F3F2AC5
 |   |   |- Guid:F33CC5014C49925B3A9D52A063AF483F BaseClass: NativeClass:/Script/Engine.PlayerStart Name:PlayerStart_0 Label:PlayerStart SpatiallyLoaded:0 Bounds:IsValid=true, Min=(X=317.598 Y=432.998 Z=0.013), Max=(X=397.598 Y=512.998 Z=184.013) RuntimeGrid:None EditorOnly:0 RuntimeOnly:0 HLODRelevant:0
 |   |- [+] Clusters:
 |   |   |- [+] [  0]
 |   |   |   |- Guid:0F4324B34E091887A24AD9995AE727D1 BaseClass: NativeClass:/Script/Engine.StaticMeshActor Name:StaticMeshActor_23 Label:SM_Cube6 SpatiallyLoaded:1 Bounds:IsValid=true, Min=(X=2900.000 Y=100.000 Z=0.000), Max=(X=3000.000 Y=3400.000 Z=400.000) RuntimeGrid:None EditorOnly:0 RuntimeOnly:0 HLODRelevant:1 FolderPath:Playground FolderGuid:9FE5E8B349AF71F05F2688921F3F2AC5
 |   |   |- [+] [  1]
 |   |   |   |- Guid:F33CC5014C49925B3A9D52A063AF483F BaseClass: NativeClass:/Script/Engine.PlayerStart Name:PlayerStart_0 Label:PlayerStart SpatiallyLoaded:0 Bounds:IsValid=true, Min=(X=317.598 Y=432.998 Z=0.013), Max=(X=397.598 Y=512.998 Z=184.013) RuntimeGrid:None EditorOnly:0 RuntimeOnly:0 HLODRelevant:0
 |   |   |- [+] [  2]
 |   |   |   |- Guid:CCDD89584E0A9025F52AEDA51D60CA54 BaseClass: NativeClass:/Script/NavigationSystem.NavMeshBoundsVolume Name:NavMeshBoundsVolume_1 Label:NavMeshBoundsVolume SpatiallyLoaded:0 Bounds:IsValid=true, Min=(X=-100.000 Y=-100.000 Z=-110.000), Max=(X=3100.000 Y=3600.000 Z=390.000) RuntimeGrid:None EditorOnly:0 RuntimeOnly:0 HLODRelevant:0 FolderPath:Navigation FolderGuid:AE45D61F453CC144CF8289862C276E89
 |   |   |- [+] [  3]
 |   |   |   |- Guid:F07559B14CE9ADE1215992AA417A945E BaseClass: NativeClass:/Script/Engine.StaticMeshActor Name:StaticMeshActor_18 Label:SM_Cube2 SpatiallyLoaded:1 Bounds:IsValid=true, Min=(X=0.000 Y=0.000 Z=0.000), Max=(X=3000.000 Y=100.000 Z=400.000) RuntimeGrid:None EditorOnly:0 RuntimeOnly:0 HLODRelevant:1 FolderPath:Playground FolderGuid:9FE5E8B349AF71F05F2688921F3F2AC5
 |   |   |- [+] [  4]
 |   |   |   |- Guid:2169CB5C470E0E674279BA96829753DD BaseClass: NativeClass:/Script/Engine.StaticMeshActor Name:StaticMeshActor_17 Label:SM_Cube SpatiallyLoaded:1 Bounds:IsValid=true, Min=(X=0.000 Y=0.000 Z=-50.000), Max=(X=3000.000 Y=3500.000 Z=0.000) RuntimeGrid:None EditorOnly:0 RuntimeOnly:0 HLODRelevant:1 FolderPath:Playground FolderGuid:9FE5E8B349AF71F05F2688921F3F2AC5
 |   |   |- [+] [  5]
 |   |   |   |- Guid:1FEC8FAC495CEF0CE32492ADCBB96BAE BaseClass: NativeClass:/Script/AIModule.NavLinkProxy Name:NavLinkProxy_3 Label:NavLinkProxy3 SpatiallyLoaded:1 Bounds:IsValid=true, Min=(X=2240.000 Y=1030.000 Z=90.000), Max=(X=2240.000 Y=1030.000 Z=90.000) RuntimeGrid:None EditorOnly:0 RuntimeOnly:0 HLODRelevant:0 FolderPath:Navigation FolderGuid:AE45D61F453CC144CF8289862C276E89
 |   |   |- [+] [  6]
 |   |   |   |- Guid:6252C7D64ACF162A73EE65B11FE214D1 BaseClass: NativeClass:/Script/Engine.SkyAtmosphere Name:SkyAtmosphere_1 Label:SkyAtmosphere SpatiallyLoaded:0 Bounds:IsValid=true, Min=(X=0.000 Y=0.000 Z=1020.000), Max=(X=0.000 Y=0.000 Z=1020.000) RuntimeGrid:None EditorOnly:0 RuntimeOnly:0 HLODRelevant:0 FolderPath:Lighting FolderGuid:4C9334684BA61B42C769F799D2576455
 |   |   |- [+] [  7]
 |   |   |   |- Guid:D24D61B944EF71BE7BC469B7EB239299 BaseClass: NativeClass:/Script/Engine.ExponentialHeightFog Name:ExponentialHeightFog_1 Label:ExponentialHeightFog SpatiallyLoaded:0 Bounds:IsValid=true, Min=(X=-5600.000 Y=-50.000 Z=-6850.000), Max=(X=-5600.000 Y=-50.000 Z=-6850.000) RuntimeGrid:None EditorOnly:0 RuntimeOnly:0 HLODRelevant:0 FolderPath:Lighting FolderGuid:4C9334684BA61B42C769F799D2576455
 |   |   |- [+] [  8]
 |   |   |   |- Guid:77F893B3468595EE782136AD620D7EF4 BaseClass: NativeClass:/Script/Engine.VolumetricCloud Name:VolumetricCloud_0 Label:VolumetricCloud SpatiallyLoaded:0 Bounds:IsValid=true, Min=(X=0.000 Y=0.000 Z=820.000), Max=(X=0.000 Y=0.000 Z=820.000) RuntimeGrid:None EditorOnly:0 RuntimeOnly:0 HLODRelevant:0 FolderPath:Lighting FolderGuid:4C9334684BA61B42C769F799D2576455
 |   |   |- [+] [  9]
 |   |   |   |- Guid:1C6A5DCA4F2CB50668BF2FBBC1A3ED1F BaseClass:/Game/TopDown/Blueprints/enemy/bp_enemy.bp_enemy_C NativeClass:/Script/Engine.Character Name:bp_enemy_C_UAID_047C160CA7AE55F301_1570122728 Label:bp_enemy3 SpatiallyLoaded:1 Bounds:IsValid=true, Min=(X=1738.662 Y=2192.315 Z=-0.967), Max=(X=1806.662 Y=2272.315 Z=178.000) RuntimeGrid:None EditorOnly:0 RuntimeOnly:0 HLODRelevant:0
 |   |   |   |- Guid:D925E4AA43D6817D188B8181BB0B26C8 BaseClass:/Game/TopDown/Blueprints/enemy/AI_PatrolPath.AI_PatrolPath_C NativeClass:/Script/Engine.Actor Name:AI_PatrolPath_C_UAID_309C23FF8BC53DF401_1264643559 Label:AI_PatrolPath SpatiallyLoaded:1 Bounds:IsValid=true, Min=(X=1229.558 Y=1329.558 Z=57.230), Max=(X=1515.553 Y=1635.274 Z=217.230) RuntimeGrid:None EditorOnly:0 RuntimeOnly:0 HLODRelevant:0
 |   |   |   |- Guid:46E112314B29F0AD580E82B57A8DDBFE BaseClass:/Game/TopDown/Blueprints/enemy/AI_PatrolPath.AI_PatrolPath_C NativeClass:/Script/Engine.Actor Name:AI_PatrolPath_C_UAID_309C23FF8BC53DF401_1271778560 Label:AI_PatrolPath2 SpatiallyLoaded:1 Bounds:IsValid=true, Min=(X=1820.000 Y=2150.000 Z=57.230), Max=(X=1980.000 Y=2440.000 Z=217.230) RuntimeGrid:None EditorOnly:0 RuntimeOnly:0 HLODRelevant:0
 |   |   |   |- Guid:BD8032054B165D9CCFA51A95E68D7761 BaseClass:/Game/TopDown/Blueprints/enemy/AI_PatrolPath.AI_PatrolPath_C NativeClass:/Script/Engine.Actor Name:AI_PatrolPath_C_UAID_309C23FF8BC53DF401_1279228561 Label:AI_PatrolPath3 SpatiallyLoaded:1 Bounds:IsValid=true, Min=(X=1020.000 Y=2360.000 Z=57.230), Max=(X=1180.000 Y=2650.000 Z=217.230) RuntimeGrid:None EditorOnly:0 RuntimeOnly:0 HLODRelevant:0
 |   |   |- [+] [ 10]
 |   |   |   |- Guid:147C8D134B12D635012D5F8C57D2C96F BaseClass: NativeClass:/Script/Engine.PostProcessVolume Name:PostProcessVolume_1 Label:PostProcessVolume SpatiallyLoaded:0 Bounds:IsValid=true, Min=(X=0.000 Y=0.000 Z=400.000), Max=(X=200.000 Y=200.000 Z=600.000) RuntimeGrid:None EditorOnly:0 RuntimeOnly:0 HLODRelevant:0 FolderPath:Lighting FolderGuid:4C9334684BA61B42C769F799D2576455
 |   |   |- [+] [ 11]
 |   |   |   |- Guid:E1BF38D3478C3EC67ABB77948786D0D0 BaseClass: NativeClass:/Script/Engine.StaticMeshActor Name:StaticMeshActor_UAID_047C160CA7AE4CF301_1829905148 Label:StaticMeshActor SpatiallyLoaded:1 Bounds:IsValid=true, Min=(X=60.000 Y=170.000 Z=1680.000), Max=(X=60.000 Y=170.000 Z=1680.000) RuntimeGrid:None EditorOnly:0 RuntimeOnly:0 HLODRelevant:0
 |   |   |- [+] [ 12]
 |   |   |   |- Guid:AE92EF614644F3E97ECD6E8F3B7E4798 BaseClass: NativeClass:/Script/Engine.StaticMeshActor Name:StaticMeshActor_65 Label:SM_ChamferCube5 SpatiallyLoaded:1 Bounds:IsValid=true, Min=(X=2419.765 Y=1390.593 Z=0.063), Max=(X=2547.936 Y=1518.765 Z=100.063) RuntimeGrid:None EditorOnly:0 RuntimeOnly:0 HLODRelevant:0
 |   |   |- [+] [ 13]
 |   |   |   |- Guid:214F74EF452A9596DF6C57B2B8355F11 BaseClass: NativeClass:/Script/NavigationSystem.NavMeshBoundsVolume Name:NavMeshBoundsVolume_UAID_309C23FF8BC5ECF301_2135017303 Label:NavMeshBoundsVolume2 SpatiallyLoaded:0 Bounds:IsValid=true, Min=(X=-428.042 Y=-1258.922 Z=-150.000), Max=(X=3571.958 Y=4741.078 Z=150.000) RuntimeGrid:None EditorOnly:0 RuntimeOnly:0 HLODRelevant:0
 |   |   |- [+] [ 14]
 |   |   |   |- Guid:ED702DEB4F4A6D94A5DB4F9C337C2079 BaseClass: NativeClass:/Script/Engine.TextRenderActor Name:TextRenderActor_0 Label:TextRenderActor SpatiallyLoaded:1 Bounds:IsValid=true, Min=(X=-0.100 Y=1100.000 Z=65.013), Max=(X=-0.100 Y=2225.000 Z=215.013) RuntimeGrid:None EditorOnly:0 RuntimeOnly:0 HLODRelevant:0
 |   |   |- [+] [ 15]
 |   |   |   |- Guid:8CD539D7476FB21973219D83B2E0E4E8 BaseClass:/Game/TopDown/Blueprints/enemy/EQS/EQS_Tester.EQS_Tester_C NativeClass:/Script/AIModule.EQSTestingPawn Name:EQS_Tester_C_UAID_309C23FF8BC52FF501_1946216151 Label:EQS_Tester SpatiallyLoaded:1 Bounds:IsValid=true, Min=(X=1812.323 Y=2021.456 Z=-88.000), Max=(X=1880.323 Y=2089.456 Z=88.000) RuntimeGrid:None EditorOnly:0 RuntimeOnly:0 HLODRelevant:0
 |   |   |- [+] [ 16]
 |   |   |   |- Guid:AECEEEE741E6DE68F6843FA49564A956 BaseClass: NativeClass:/Script/Engine.DirectionalLight Name:DirectionalLight_1 Label:DirectionalLight SpatiallyLoaded:0 Bounds:IsValid=true, Min=(X=-1048576.000 Y=-1048576.000 Z=-1048576.000), Max=(X=1048576.000 Y=1048576.000 Z=1048576.000) RuntimeGrid:None EditorOnly:0 RuntimeOnly:0 HLODRelevant:0 FolderPath:Lighting FolderGuid:4C9334684BA61B42C769F799D2576455
 |   |   |- [+] [ 17]
 |   |   |   |- Guid:2DF0D95440BE0EDA81652F860DC7268E BaseClass: NativeClass:/Script/Engine.WorldDataLayers Name:WorldDataLayers Label:WorldDataLayers SpatiallyLoaded:0 Bounds:IsValid=true, Min=(X=0.000 Y=0.000 Z=0.000), Max=(X=0.000 Y=0.000 Z=0.000) RuntimeGrid:None EditorOnly:0 RuntimeOnly:0 HLODRelevant:0
 |   |   |- [+] [ 18]
 |   |   |   |- Guid:6F3F7DEF492EBCF897452EBBFE65EE00 BaseClass:/Game/TopDown/Blueprints/enemy/bp_enemy.bp_enemy_C NativeClass:/Script/Engine.Character Name:bp_enemy_C_UAID_309C23FF8BC5CDF601_1489045019 Label:bp_enemy SpatiallyLoaded:1 Bounds:IsValid=true, Min=(X=925.057 Y=1750.618 Z=-0.967), Max=(X=993.057 Y=1830.618 Z=178.000) RuntimeGrid:None EditorOnly:0 RuntimeOnly:0 HLODRelevant:0
 |   |   |- [+] [ 19]
 |   |   |   |- Guid:E9F51259425B785A35C436A5559AD7B4 BaseClass: NativeClass:/Script/Engine.StaticMeshActor Name:StaticMeshActor_19 Label:SM_Cube3 SpatiallyLoaded:1 Bounds:IsValid=true, Min=(X=0.000 Y=3400.000 Z=0.000), Max=(X=3000.000 Y=3500.000 Z=400.000) RuntimeGrid:None EditorOnly:0 RuntimeOnly:0 HLODRelevant:1 FolderPath:Playground FolderGuid:9FE5E8B349AF71F05F2688921F3F2AC5
 |   |   |- [+] [ 20]
 |   |   |   |- Guid:B2E97E324827F4848B1A1281262263D8 BaseClass: NativeClass:/Script/Engine.StaticMeshActor Name:StaticMeshActor_UAID_309C23FF8BC5CDF601_1333097016 Label:SM_Cube13 SpatiallyLoaded:1 Bounds:IsValid=true, Min=(X=741.706 Y=2047.548 Z=-0.000), Max=(X=766.706 Y=2822.548 Z=400.000) RuntimeGrid:None EditorOnly:0 RuntimeOnly:0 HLODRelevant:1 FolderPath:Playground FolderGuid:9FE5E8B349AF71F05F2688921F3F2AC5
 |   |   |- [+] [ 21]
 |   |   |   |- Guid:66BCBF874D2A22ADC6523B95EE812CA3 BaseClass: NativeClass:/Script/Engine.StaticMeshActor Name:StaticMeshActor_UAID_A4AE111137DC5CFB00_1660657071 Label:SM_SkySphere SpatiallyLoaded:0 Bounds:IsValid=true, Min=(X=-1638400.000 Y=-1638400.000 Z=-1638400.000), Max=(X=1638400.000 Y=1638400.000 Z=1638400.000) RuntimeGrid:None EditorOnly:0 RuntimeOnly:0 HLODRelevant:1 FolderPath:Lighting FolderGuid:4C9334684BA61B42C769F799D2576455
 |   |   |- [+] [ 22]
 |   |   |   |- Guid:73D93E104985AB530A727E878938F1AE BaseClass: NativeClass:/Script/Engine.StaticMeshActor Name:StaticMeshActor_UAID_309C23FF8BC5CDF601_1327472015 Label:SM_Cube12 SpatiallyLoaded:1 Bounds:IsValid=true, Min=(X=741.706 Y=878.907 Z=-0.000), Max=(X=766.706 Y=1653.907 Z=400.000) RuntimeGrid:None EditorOnly:0 RuntimeOnly:0 HLODRelevant:1 FolderPath:Playground FolderGuid:9FE5E8B349AF71F05F2688921F3F2AC5
 |   |   |- [+] [ 23]
 |   |   |   |- Guid:533B8057435BF55780945EB193EE0392 BaseClass: NativeClass:/Script/Engine.StaticMeshActor Name:StaticMeshActor_UAID_047C160CA7AE51F301_1955336030 Label:SM_Cube11 SpatiallyLoaded:1 Bounds:IsValid=true, Min=(X=741.706 Y=100.000 Z=-0.000), Max=(X=766.706 Y=875.000 Z=400.000) RuntimeGrid:None EditorOnly:0 RuntimeOnly:0 HLODRelevant:1 FolderPath:Playground FolderGuid:9FE5E8B349AF71F05F2688921F3F2AC5
 |   |   |- [+] [ 24]
 |   |   |   |- Guid:1742DF43475F097453197AA79C7473D9 BaseClass: NativeClass:/Script/Engine.SkyLight Name:SkyLight_1 Label:SkyLight SpatiallyLoaded:0 Bounds:IsValid=true, Min=(X=0.000 Y=0.000 Z=690.000), Max=(X=0.000 Y=0.000 Z=690.000) RuntimeGrid:None EditorOnly:0 RuntimeOnly:0 HLODRelevant:0 FolderPath:Lighting FolderGuid:4C9334684BA61B42C769F799D2576455
 |   |   |- [+] [ 25]
 |   |   |   |- Guid:6826A7ED4A164B6C8D658581FADA7D83 BaseClass: NativeClass:/Script/Engine.StaticMeshActor Name:StaticMeshActor_UAID_309C23FF8BC5CDF601_1644834020 Label:SM_Cube15 SpatiallyLoaded:1 Bounds:IsValid=true, Min=(X=400.000 Y=975.000 Z=0.000), Max=(X=750.000 Y=1000.000 Z=400.000) RuntimeGrid:None EditorOnly:0 RuntimeOnly:0 HLODRelevant:1 FolderPath:Playground FolderGuid:9FE5E8B349AF71F05F2688921F3F2AC5
 |   |   |- [+] [ 26]
 |   |   |   |- Guid:0C8924204F96A79AD35111939C210774 BaseClass: NativeClass:/Script/Engine.StaticMeshActor Name:StaticMeshActor_UAID_309C23FF8BC5CDF601_1711932021 Label:SM_Cube16 SpatiallyLoaded:1 Bounds:IsValid=true, Min=(X=-100.000 Y=975.000 Z=0.000), Max=(X=250.000 Y=1000.000 Z=400.000) RuntimeGrid:None EditorOnly:0 RuntimeOnly:0 HLODRelevant:1 FolderPath:Playground FolderGuid:9FE5E8B349AF71F05F2688921F3F2AC5
 |   |   |- [+] [ 27]
 |   |   |   |- Guid:C1882D6342EDF42BB46BC49C2F66759A BaseClass:/Game/TopDown/Blueprints/enemy/bp_enemy.bp_enemy_C NativeClass:/Script/Engine.Character Name:bp_enemy_C_UAID_309C23FF8BC5CDF601_1727526022 Label:bp_enemy2 SpatiallyLoaded:1 Bounds:IsValid=true, Min=(X=319.057 Y=1256.618 Z=-0.967), Max=(X=399.057 Y=1324.618 Z=178.000) RuntimeGrid:None EditorOnly:0 RuntimeOnly:0 HLODRelevant:0
 |   |   |   |- Guid:CBBBA3434817C966878B59A8F0AFA944 BaseClass:/Game/TopDown/Blueprints/enemy/AI_PatrolPath.AI_PatrolPath_C NativeClass:/Script/Engine.Actor Name:AI_PatrolPath_C_UAID_309C23FF8BC5CDF601_1738635023 Label:AI_PatrolPath4 SpatiallyLoaded:1 Bounds:IsValid=true, Min=(X=220.000 Y=1750.000 Z=57.230), Max=(X=380.000 Y=2040.000 Z=217.230) RuntimeGrid:None EditorOnly:0 RuntimeOnly:0 HLODRelevant:0
 |   |   |   |- Guid:2CBC9D514044BCC70772B0814B39DE44 BaseClass:/Game/TopDown/Blueprints/enemy/AI_PatrolPath.AI_PatrolPath_C NativeClass:/Script/Engine.Actor Name:AI_PatrolPath_C_UAID_309C23FF8BC5CDF601_1749285024 Label:AI_PatrolPath5 SpatiallyLoaded:1 Bounds:IsValid=true, Min=(X=220.000 Y=2350.000 Z=57.230), Max=(X=380.000 Y=2640.000 Z=217.230) RuntimeGrid:None EditorOnly:0 RuntimeOnly:0 HLODRelevant:0
 |   |   |   |- Guid:3A8A20F64AECCD9AA73C31BCBC7264A0 BaseClass:/Game/TopDown/Blueprints/enemy/AI_PatrolPath.AI_PatrolPath_C NativeClass:/Script/Engine.Actor Name:AI_PatrolPath_C_UAID_309C23FF8BC5CDF601_1755292025 Label:AI_PatrolPath6 SpatiallyLoaded:1 Bounds:IsValid=true, Min=(X=20.000 Y=2050.000 Z=57.230), Max=(X=180.000 Y=2340.000 Z=217.230) RuntimeGrid:None EditorOnly:0 RuntimeOnly:0 HLODRelevant:0
 |   |   |   |- Guid:BB5B1839446DE2E767F4F4A5BD38A627 BaseClass:/Game/TopDown/Blueprints/enemy/AI_PatrolPath.AI_PatrolPath_C NativeClass:/Script/Engine.Actor Name:AI_PatrolPath_C_UAID_309C23FF8BC5CDF601_1758217026 Label:AI_PatrolPath7 SpatiallyLoaded:1 Bounds:IsValid=true, Min=(X=20.000 Y=3050.000 Z=57.230), Max=(X=180.000 Y=3340.000 Z=217.230) RuntimeGrid:None EditorOnly:0 RuntimeOnly:0 HLODRelevant:0
 |   |   |- [+] [ 28]
 |   |   |   |- Guid:959F479C4F09883ABAE51A980DE47D20 BaseClass: NativeClass:/Script/Engine.StaticMeshActor Name:StaticMeshActor_UAID_309C23FF8BC5CEF601_1400462203 Label:SM_Cube17 SpatiallyLoaded:1 Bounds:IsValid=true, Min=(X=400.000 Y=2475.000 Z=0.000), Max=(X=750.000 Y=2500.000 Z=400.000) RuntimeGrid:None EditorOnly:0 RuntimeOnly:0 HLODRelevant:1 FolderPath:Playground FolderGuid:9FE5E8B349AF71F05F2688921F3F2AC5
 |   |   |- [+] [ 29]
 |   |   |   |- Guid:CE6646654C0EDD692F26FABF86982A18 BaseClass: NativeClass:/Script/Engine.StaticMeshActor Name:StaticMeshActor_UAID_309C23FF8BC5CEF601_1400470204 Label:SM_Cube18 SpatiallyLoaded:1 Bounds:IsValid=true, Min=(X=-100.000 Y=2475.000 Z=0.000), Max=(X=250.000 Y=2500.000 Z=400.000) RuntimeGrid:None EditorOnly:0 RuntimeOnly:0 HLODRelevant:1 FolderPath:Playground FolderGuid:9FE5E8B349AF71F05F2688921F3F2AC5
 |   |   |- [+] [ 30]
 |   |   |   |- Guid:C9DCA8B74287F0258668EBB433E94F0C BaseClass: NativeClass:/Script/Engine.StaticMeshActor Name:StaticMeshActor_UAID_309C23FF8BC5CEF601_1446277205 Label:Cylinder SpatiallyLoaded:1 Bounds:IsValid=true, Min=(X=1300.000 Y=900.000 Z=0.063), Max=(X=1500.000 Y=1100.000 Z=500.063) RuntimeGrid:None EditorOnly:0 RuntimeOnly:0 HLODRelevant:1
 |   |   |- [+] [ 31]
 |   |   |   |- Guid:6A35549B4D2BAC58DCAAB79025E3D1BD BaseClass: NativeClass:/Script/Engine.StaticMeshActor Name:StaticMeshActor_UAID_309C23FF8BC5CEF601_1474787206 Label:Cylinder2 SpatiallyLoaded:1 Bounds:IsValid=true, Min=(X=2000.000 Y=900.000 Z=0.063), Max=(X=2200.000 Y=1100.000 Z=500.063) RuntimeGrid:None EditorOnly:0 RuntimeOnly:0 HLODRelevant:1
 |- ContainerInstances:
 |- [+] MainContainer:
 |   |-        ID: 0x0000000000000000
 |   |-    Bounds: IsValid=false, Min=(X=0.000 Y=0.000 Z=0.000), Max=(X=0.000 Y=0.000 Z=0.000)
 |   |- Transform: 0.000000,0.000000,0.000000|0.000000,0.000000,-0.000000|1.000000,1.000000,1.000000
 |   |- Container: /Game/TopDown/Maps/TopDownMap
----------------------------------------------------------------------------------------------------------------
TopDownMap - Persistent Level
----------------------------------------------------------------------------------------------------------------
Always loaded Actor Count: 54 

----------------------------------------------------------------------------------------------------------------
TopDownMap - Runtime Spatial Hash - Streaming Grid - MainGrid
----------------------------------------------------------------------------------------------------------------
            Origin: X=0.000 Y=0.000 Z=0.000
         Cell Size: 12800
      World Bounds: IsValid=false, Min=(X=0.000 Y=0.000 Z=0.000), Max=(X=0.000 Y=0.000 Z=0.000)
     Loading Range: 25600.00
Block Slow Loading: No
 ClientOnlyVisible: No

[+] Grid Levels: 1
 |- Level  0: Cell Count    0 | Cell Size   12800 | Actor Count    0 (0.0%)

[+] Content of Grid Level 0

